2024-09-17 12:15:14 INFO  [main] c.e.u.UserServiceApplication - Starting UserServiceApplication using Java 21.0.2 with PID 14756 (C:\Users\syste\Documents\workspace-spring-tool-suite-4-4.22.0.RELEASE\userService\target\classes started by syste in C:\Users\syste\Documents\workspace-spring-tool-suite-4-4.22.0.RELEASE\userService)
2024-09-17 12:15:14 INFO  [main] c.e.u.UserServiceApplication - No active profile set, falling back to 1 default profile: "default"
2024-09-17 12:15:14 INFO  [main] o.s.c.c.c.ConfigServerConfigDataLoader - Fetching config from server at : http://localhost:9095
2024-09-17 12:15:14 INFO  [main] o.s.c.c.c.ConfigServerConfigDataLoader - Located environment: name=User-Service, profiles=[default], label=null, version=85899a10251b4b372f7307af4362f2f5d53e804d, state=null
2024-09-17 12:15:14 INFO  [main] o.s.d.r.c.RepositoryConfigurationDelegate - Bootstrapping Spring Data JPA repositories in DEFAULT mode.
2024-09-17 12:15:14 INFO  [main] o.s.d.r.c.RepositoryConfigurationDelegate - Finished Spring Data repository scanning in 108 ms. Found 1 JPA repository interface.
2024-09-17 12:15:14 INFO  [main] o.s.cloud.context.scope.GenericScope - BeanFactory id=7fdd9cfa-d2c2-3060-8ce4-1468bb05094f
2024-09-17 12:15:15 WARN  [main] o.s.c.s.PostProcessorRegistrationDelegate$BeanPostProcessorChecker - Bean 'org.springframework.cloud.client.loadbalancer.LoadBalancerAutoConfiguration$DeferringLoadBalancerInterceptorConfig' of type [org.springframework.cloud.client.loadbalancer.LoadBalancerAutoConfiguration$DeferringLoadBalancerInterceptorConfig] is not eligible for getting processed by all BeanPostProcessors (for example: not eligible for auto-proxying). The currently created BeanPostProcessor [lbRestClientPostProcessor] is declared through a non-static factory method on that class; consider declaring it as static instead.
2024-09-17 12:15:15 WARN  [main] o.s.c.s.PostProcessorRegistrationDelegate$BeanPostProcessorChecker - Bean 'deferringLoadBalancerInterceptor' of type [org.springframework.cloud.client.loadbalancer.DeferringLoadBalancerInterceptor] is not eligible for getting processed by all BeanPostProcessors (for example: not eligible for auto-proxying). Is this bean getting eagerly injected into a currently created BeanPostProcessor [lbRestClientPostProcessor]? Check the corresponding BeanPostProcessor declaration and its dependencies.
2024-09-17 12:15:15 INFO  [main] o.s.b.w.e.tomcat.TomcatWebServer - Tomcat initialized with port 9091 (http)
2024-09-17 12:15:15 INFO  [main] o.a.coyote.http11.Http11NioProtocol - Initializing ProtocolHandler ["http-nio-9091"]
2024-09-17 12:15:15 INFO  [main] o.a.catalina.core.StandardService - Starting service [Tomcat]
2024-09-17 12:15:15 INFO  [main] o.a.catalina.core.StandardEngine - Starting Servlet engine: [Apache Tomcat/10.1.28]
2024-09-17 12:15:15 INFO  [main] o.a.c.c.C.[Tomcat].[localhost].[/] - Initializing Spring embedded WebApplicationContext
2024-09-17 12:15:15 INFO  [main] o.s.b.w.s.c.ServletWebServerApplicationContext - Root WebApplicationContext: initialization completed in 1318 ms
2024-09-17 12:15:15 INFO  [main] o.h.jpa.internal.util.LogHelper - HHH000204: Processing PersistenceUnitInfo [name: default]
2024-09-17 12:15:15 INFO  [main] org.hibernate.Version - HHH000412: Hibernate ORM core version 6.5.2.Final
2024-09-17 12:15:15 INFO  [main] o.h.c.i.RegionFactoryInitiator - HHH000026: Second-level cache disabled
2024-09-17 12:15:15 INFO  [main] o.s.o.j.p.SpringPersistenceUnitInfo - No LoadTimeWeaver setup: ignoring JPA class transformer
2024-09-17 12:15:15 INFO  [main] com.zaxxer.hikari.HikariDataSource - HikariPool-1 - Starting...
2024-09-17 12:15:16 INFO  [main] com.zaxxer.hikari.pool.HikariPool - HikariPool-1 - Added connection com.mysql.cj.jdbc.ConnectionImpl@733bd6f3
2024-09-17 12:15:16 INFO  [main] com.zaxxer.hikari.HikariDataSource - HikariPool-1 - Start completed.
2024-09-17 12:15:16 INFO  [main] o.h.e.t.j.p.i.JtaPlatformInitiator - HHH000489: No JTA platform available (set 'hibernate.transaction.jta.platform' to enable JTA platform integration)
2024-09-17 12:15:16 INFO  [main] o.s.o.j.LocalContainerEntityManagerFactoryBean - Initialized JPA EntityManagerFactory for persistence unit 'default'
2024-09-17 12:15:17 WARN  [main] o.s.b.a.o.j.JpaBaseConfiguration$JpaWebConfiguration - spring.jpa.open-in-view is enabled by default. Therefore, database queries may be performed during view rendering. Explicitly configure spring.jpa.open-in-view to disable this warning
2024-09-17 12:15:17 INFO  [main] o.s.c.o.FeignClientFactoryBean - For 'HOTEL-SERVICE' URL not provided. Will try picking an instance via load-balancing.
2024-09-17 12:15:17 INFO  [main] o.s.c.n.e.c.DiscoveryClientOptionalArgsConfiguration - Eureka HTTP Client uses RestTemplate.
2024-09-17 12:15:17 WARN  [main] o.s.c.l.c.LoadBalancerCacheAutoConfiguration$LoadBalancerCaffeineWarnLogger - Spring Cloud LoadBalancer is currently working with the default cache. While this cache implementation is useful for development and tests, it's recommended to use Caffeine cache in production.You can switch to using Caffeine cache, by adding it and org.springframework.cache.caffeine.CaffeineCacheManager to the classpath.
2024-09-17 12:15:17 INFO  [main] o.s.c.n.eureka.InstanceInfoFactory - Setting initial instance status as: STARTING
2024-09-17 12:15:17 INFO  [main] c.netflix.discovery.DiscoveryClient - Initializing Eureka in region us-east-1
2024-09-17 12:15:17 INFO  [main] c.n.d.s.r.aws.ConfigClusterResolver - Resolving eureka endpoints via configuration
2024-09-17 12:15:17 INFO  [main] c.netflix.discovery.DiscoveryClient - Disable delta property : false
2024-09-17 12:15:17 INFO  [main] c.netflix.discovery.DiscoveryClient - Single vip registry refresh property : null
2024-09-17 12:15:17 INFO  [main] c.netflix.discovery.DiscoveryClient - Force full registry fetch : false
2024-09-17 12:15:17 INFO  [main] c.netflix.discovery.DiscoveryClient - Application is null : false
2024-09-17 12:15:17 INFO  [main] c.netflix.discovery.DiscoveryClient - Registered Applications size is zero : true
2024-09-17 12:15:17 INFO  [main] c.netflix.discovery.DiscoveryClient - Application version is -1: true
2024-09-17 12:15:17 INFO  [main] c.netflix.discovery.DiscoveryClient - Getting all instance registry info from the eureka server
2024-09-17 12:15:17 INFO  [main] c.netflix.discovery.DiscoveryClient - The response status is 200
2024-09-17 12:15:17 INFO  [main] c.netflix.discovery.DiscoveryClient - Starting heartbeat executor: renew interval is: 30
2024-09-17 12:15:17 INFO  [main] c.n.discovery.InstanceInfoReplicator - InstanceInfoReplicator onDemand update allowed rate per min is 4
2024-09-17 12:15:17 INFO  [main] c.netflix.discovery.DiscoveryClient - Discovery Client initialized at timestamp 1726555517890 with initial instances count: 5
2024-09-17 12:15:17 INFO  [main] o.s.c.n.e.s.EurekaServiceRegistry - Registering application USER-SERVICE with eureka with status UP
2024-09-17 12:15:17 INFO  [main] c.netflix.discovery.DiscoveryClient - Saw local status change event StatusChangeEvent [timestamp=1726555517893, current=UP, previous=STARTING]
2024-09-17 12:15:17 INFO  [DiscoveryClient-InstanceInfoReplicator-%d] c.netflix.discovery.DiscoveryClient - DiscoveryClient_USER-SERVICE/desk-88:User-Service:9091: registering service...
2024-09-17 12:15:17 INFO  [main] o.a.coyote.http11.Http11NioProtocol - Starting ProtocolHandler ["http-nio-9091"]
2024-09-17 12:15:17 INFO  [main] o.s.b.w.e.tomcat.TomcatWebServer - Tomcat started on port 9091 (http) with context path '/'
2024-09-17 12:15:17 INFO  [main] o.s.c.n.e.s.EurekaAutoServiceRegistration - Updating port to 9091
2024-09-17 12:15:17 INFO  [main] c.e.u.UserServiceApplication - Started UserServiceApplication in 5.437 seconds (process running for 5.827)
2024-09-17 12:15:17 INFO  [DiscoveryClient-InstanceInfoReplicator-%d] c.netflix.discovery.DiscoveryClient - DiscoveryClient_USER-SERVICE/desk-88:User-Service:9091 - registration status: 204
2024-09-17 12:19:49 INFO  [SpringApplicationShutdownHook] o.s.c.n.e.s.EurekaServiceRegistry - Unregistering application USER-SERVICE with eureka with status DOWN
2024-09-17 12:19:49 INFO  [SpringApplicationShutdownHook] c.netflix.discovery.DiscoveryClient - Saw local status change event StatusChangeEvent [timestamp=1726555789327, current=DOWN, previous=UP]
2024-09-17 12:19:49 INFO  [DiscoveryClient-InstanceInfoReplicator-%d] c.netflix.discovery.DiscoveryClient - DiscoveryClient_USER-SERVICE/desk-88:User-Service:9091: registering service...
2024-09-17 12:19:49 INFO  [DiscoveryClient-InstanceInfoReplicator-%d] c.netflix.discovery.DiscoveryClient - DiscoveryClient_USER-SERVICE/desk-88:User-Service:9091 - registration status: 204
2024-09-17 12:19:49 INFO  [SpringApplicationShutdownHook] o.s.o.j.LocalContainerEntityManagerFactoryBean - Closing JPA EntityManagerFactory for persistence unit 'default'
2024-09-17 12:19:49 INFO  [SpringApplicationShutdownHook] com.zaxxer.hikari.HikariDataSource - HikariPool-1 - Shutdown initiated...
2024-09-17 12:19:49 INFO  [SpringApplicationShutdownHook] com.zaxxer.hikari.HikariDataSource - HikariPool-1 - Shutdown completed.
2024-09-17 12:19:49 INFO  [SpringApplicationShutdownHook] c.netflix.discovery.DiscoveryClient - Shutting down DiscoveryClient ...
2024-09-17 12:19:52 INFO  [SpringApplicationShutdownHook] c.netflix.discovery.DiscoveryClient - Unregistering ...
2024-09-17 12:19:52 INFO  [SpringApplicationShutdownHook] c.netflix.discovery.DiscoveryClient - DiscoveryClient_USER-SERVICE/desk-88:User-Service:9091 - deregister  status: 200
2024-09-17 12:19:52 INFO  [SpringApplicationShutdownHook] c.netflix.discovery.DiscoveryClient - Completed shut down of DiscoveryClient
